<?xml version="1.0" encoding="UTF-8"?>
<!-- Generated by org.testng.reporters.JUnitReportReporter -->
<testsuite skipped="0" hostname="Raj" name="Testss.launch" tests="1" failures="0" timestamp="20 Oct 2018 13:02:32 GMT" time="0.020" errors="0">
  <testcase name="firtTest" time="0.020" classname="Testss.launch"/>
</testsuite> <!-- Testss.launch -->
