<?xml version="1.0" encoding="UTF-8"?>
<!-- Generated by org.testng.reporters.JUnitReportReporter -->
<testsuite skipped="0" hostname="Raj" name="TestingBeforeTest.TestClass2" tests="1" failures="0" timestamp="22 Oct 2018 15:07:59 GMT" time="0.006" errors="0">
  <testcase name="test" time="0.006" classname="TestingBeforeTest.TestClass2"/>
</testsuite> <!-- TestingBeforeTest.TestClass2 -->
