<?xml version="1.0" encoding="UTF-8"?>
<!-- Generated by org.testng.reporters.JUnitReportReporter -->
<testsuite skipped="0" hostname="Raj" name="TestingBeforeTest.TestClass1" tests="1" failures="0" timestamp="22 Oct 2018 15:07:59 GMT" time="0.004" errors="0">
  <testcase name="test1" time="0.004" classname="TestingBeforeTest.TestClass1"/>
</testsuite> <!-- TestingBeforeTest.TestClass1 -->
