<?xml version="1.0" encoding="UTF-8"?>
<!-- Generated by org.testng.reporters.JUnitReportReporter -->
<testsuite hostname="Raj" name="TestNGConceptsNaveen.TestNGBasics" tests="1" failures="0" timestamp="12 Oct 2018 11:31:06 GMT" time="0.008" errors="0">
  <testcase name="getTitle" time="0.008" classname="TestNGConceptsNaveen.TestNGBasics"/>
</testsuite> <!-- TestNGConceptsNaveen.TestNGBasics -->
