<?xml version="1.0" encoding="UTF-8"?>
<!-- Generated by org.testng.reporters.JUnitReportReporter -->
<testsuite hostname="Raj" name="com.masteringselenium.demo.NewTest" tests="2" failures="0" timestamp="2 Oct 2018 11:43:20 GMT" time="7.091" errors="0">
  <testcase name="test" time="7.086" classname="com.masteringselenium.demo.NewTest"/>
  <testcase name="test1" time="0.005" classname="com.masteringselenium.demo.NewTest"/>
</testsuite> <!-- com.masteringselenium.demo.NewTest -->
