<?xml version="1.0" encoding="UTF-8"?>
<!-- Generated by org.testng.reporters.JUnitReportReporter -->
<testsuite hostname="Raj" name="TestNGConceptsNaveen.GoogleTest" tests="3" failures="0" timestamp="16 Oct 2018 09:16:26 GMT" time="17.950" errors="0">
  <testcase name="googleTitleTest" time="5.140" classname="TestNGConceptsNaveen.GoogleTest"/>
  <testcase name="mailLinkTest" time="7.117" classname="TestNGConceptsNaveen.GoogleTest"/>
  <testcase name="googleLogoTest" time="5.693" classname="TestNGConceptsNaveen.GoogleTest"/>
</testsuite> <!-- TestNGConceptsNaveen.GoogleTest -->
