<?xml version="1.0" encoding="UTF-8"?>
<!-- Generated by org.testng.reporters.JUnitReportReporter -->
<testsuite hostname="Raj" name="TestNGConceptsNaveen.ExceptionTimeOut" tests="1" failures="0" timestamp="29 Oct 2018 08:48:34 GMT" time="0.021" errors="0">
  <testcase name="test1" time="0.021" classname="TestNGConceptsNaveen.ExceptionTimeOut"/>
</testsuite> <!-- TestNGConceptsNaveen.ExceptionTimeOut -->
