<?xml version="1.0" encoding="UTF-8"?>
<!-- Generated by org.testng.reporters.JUnitReportReporter -->
<testsuite hostname="Raj" name="com.masteringselenium.demo.NewTest" tests="2" failures="0" timestamp="1 Oct 2018 08:03:33 GMT" time="3.078" errors="0">
  <testcase name="test" time="1.908" classname="com.masteringselenium.demo.NewTest"/>
  <testcase name="test1" time="1.170" classname="com.masteringselenium.demo.NewTest"/>
</testsuite> <!-- com.masteringselenium.demo.NewTest -->
