<?xml version="1.0" encoding="UTF-8"?>
<!-- Generated by org.testng.reporters.JUnitReportReporter -->
<testsuite hostname="Raj" name="TestingConcepts.NavigateOptions" tests="3" failures="0" timestamp="29 Oct 2018 13:15:09 GMT" time="46.686" errors="0">
  <testcase name="BrowserBack" time="13.915" classname="TestingConcepts.NavigateOptions"/>
  <testcase name="BrowserOpenFacebook" time="16.770" classname="TestingConcepts.NavigateOptions"/>
  <testcase name="BrowserOpenQuora" time="16.001" classname="TestingConcepts.NavigateOptions"/>
</testsuite> <!-- TestingConcepts.NavigateOptions -->
