<?xml version="1.0" encoding="UTF-8"?>
<!-- Generated by org.testng.reporters.JUnitReportReporter -->
<testsuite hostname="Raj" name="com.masteringselenium.demo.NewTest" tests="2" failures="0" timestamp="29 Oct 2018 09:07:07 GMT" time="15.486" errors="0">
  <testcase name="test" time="9.312" classname="com.masteringselenium.demo.NewTest"/>
  <testcase name="test1" time="6.174" classname="com.masteringselenium.demo.NewTest"/>
</testsuite> <!-- com.masteringselenium.demo.NewTest -->
